TN:
SF:src\Trabalho01Turma01.js
FN:2,(anonymous_0)
FN:6,(anonymous_1)
FN:14,(anonymous_2)
FN:15,(anonymous_3)
FN:18,(anonymous_4)
FN:19,(anonymous_5)
FN:22,(anonymous_6)
FN:23,(anonymous_7)
FN:29,(anonymous_8)
FN:33,(anonymous_9)
FN:37,(anonymous_10)
FN:44,(anonymous_11)
FN:45,(anonymous_12)
FN:48,(anonymous_13)
FN:49,(anonymous_14)
FN:52,(anonymous_15)
FN:53,(anonymous_16)
FN:56,(anonymous_17)
FN:57,(anonymous_18)
FN:60,(anonymous_19)
FN:68,(anonymous_20)
FN:71,(anonymous_21)
FN:75,(anonymous_22)
FN:76,(anonymous_23)
FN:79,(anonymous_24)
FN:80,(anonymous_25)
FN:83,(anonymous_26)
FN:90,(anonymous_27)
FN:91,(anonymous_28)
FN:94,(anonymous_29)
FN:95,(anonymous_30)
FN:98,(anonymous_31)
FN:99,(anonymous_32)
FN:104,(anonymous_33)
FN:111,(anonymous_34)
FN:112,(anonymous_35)
FN:115,(anonymous_36)
FN:116,(anonymous_37)
FNF:38
FNH:19
FNDA:6,(anonymous_0)
FNDA:12,(anonymous_1)
FNDA:3,(anonymous_2)
FNDA:6,(anonymous_3)
FNDA:14,(anonymous_4)
FNDA:9,(anonymous_5)
FNDA:0,(anonymous_6)
FNDA:0,(anonymous_7)
FNDA:2,(anonymous_8)
FNDA:0,(anonymous_9)
FNDA:0,(anonymous_10)
FNDA:2,(anonymous_11)
FNDA:4,(anonymous_12)
FNDA:1,(anonymous_13)
FNDA:2,(anonymous_14)
FNDA:0,(anonymous_15)
FNDA:0,(anonymous_16)
FNDA:0,(anonymous_17)
FNDA:0,(anonymous_18)
FNDA:0,(anonymous_19)
FNDA:1,(anonymous_20)
FNDA:2,(anonymous_21)
FNDA:1,(anonymous_22)
FNDA:2,(anonymous_23)
FNDA:1,(anonymous_24)
FNDA:2,(anonymous_25)
FNDA:0,(anonymous_26)
FNDA:0,(anonymous_27)
FNDA:0,(anonymous_28)
FNDA:0,(anonymous_29)
FNDA:0,(anonymous_30)
FNDA:1,(anonymous_31)
FNDA:2,(anonymous_32)
FNDA:0,(anonymous_33)
FNDA:0,(anonymous_34)
FNDA:0,(anonymous_35)
FNDA:0,(anonymous_36)
FNDA:0,(anonymous_37)
DA:3,6
DA:7,12
DA:8,0
DA:10,12
DA:11,12
DA:15,6
DA:19,14
DA:23,0
DA:24,0
DA:25,0
DA:30,2
DA:34,0
DA:38,0
DA:39,0
DA:40,0
DA:45,4
DA:49,2
DA:53,0
DA:57,0
DA:61,0
DA:62,0
DA:63,0
DA:64,0
DA:69,1
DA:70,1
DA:71,2
DA:76,2
DA:80,2
DA:84,0
DA:85,0
DA:86,0
DA:91,0
DA:95,0
DA:99,1
DA:100,2
DA:105,0
DA:106,0
DA:107,0
DA:112,0
DA:116,0
DA:120,1
LF:41
LH:17
BRDA:7,0,0,0
BRDA:7,0,1,12
BRDA:10,1,0,0
BRDA:10,1,1,12
BRDA:24,2,0,0
BRDA:24,2,1,0
BRDA:39,3,0,0
BRDA:39,3,1,0
BRDA:62,4,0,0
BRDA:62,4,1,0
BRDA:63,5,0,0
BRDA:63,5,1,0
BRDA:70,6,0,1
BRDA:70,6,1,0
BRDA:70,7,0,1
BRDA:70,7,1,1
BRDA:76,8,0,2
BRDA:76,8,1,2
BRDA:85,9,0,0
BRDA:85,9,1,0
BRDA:106,10,0,0
BRDA:106,10,1,0
BRF:22
BRH:7
end_of_record
